<?xml version="1.0" encoding="UTF-8"?>
<!-- Generated by org.testng.reporters.JUnitReportReporter -->
<testsuite hostname="5CG1377P6G" failures="0" tests="1" name="mavenProject1.mavenProjectTest.AppTest" time="0.012" errors="0" timestamp="2024-02-06T12:03:04 IST" skipped="0">
  <testcase classname="mavenProject1.mavenProjectTest.AppTest" name="shouldAnswerWithTrue" time="0.012"/>
</testsuite> <!-- mavenProject1.mavenProjectTest.AppTest -->
