<?xml version="1.0" encoding="UTF-8"?>
<!-- Generated by org.testng.reporters.JUnitReportReporter -->
<testsuite hostname="5CG1377P6G" failures="0" tests="1" name="mavenProject1.mavenProjectTest2.AppTest" time="0.012" errors="0" timestamp="2024-02-06T14:51:07 IST" skipped="0">
  <testcase classname="mavenProject1.mavenProjectTest2.AppTest" name="shouldAnswerWithTrue" time="0.012"/>
</testsuite> <!-- mavenProject1.mavenProjectTest2.AppTest -->
